** Alert 1542616930.0: - syslog,dpkg,config_changed,pci_dss_10.6.1,pci_dss_10.2.7,gpg13_4.10,gdpr_IV_35.7.d,
2018 Nov 19 08:42:10 27ae0e316043->/var/log/dpkg.log
Rule: 2902 (level 7) -> 'New dpkg (Debian Package) installed.'
2018-11-19 08:42:09 status installed wazuh-manager:amd64 3.7.0-1
dpkg_status: status installed
package: wazuh-manager
arch: amd64
version: 3.7.0-1

** Alert 1542616930.373: - syslog,dpkg,config_changed,pci_dss_10.6.1,pci_dss_10.2.7,gpg13_4.10,gdpr_IV_35.7.d,
2018 Nov 19 08:42:10 27ae0e316043->/var/log/dpkg.log
Rule: 2904 (level 7) -> 'Dpkg (Debian Package) half configured.'
2018-11-19 08:42:09 status half-configured wazuh-api:amd64 3.7.0-1
dpkg_status: status half-configured
package: wazuh-api
arch: amd64
version: 3.7.0-1

** Alert 1542616937.754: mail  - ossec,pci_dss_10.6.1,gpg13_10.1,gdpr_IV_35.7.d,
2018 Nov 19 08:42:17 27ae0e316043->ossec-monitord
Rule: 502 (level 3) -> 'Ossec server started.'
ossec: Ossec started.

